<?xml version="1.0" encoding="UTF-8"?>
<!-- Generated by org.testng.reporters.JUnitReportReporter -->
<testsuite hostname="LAPTOP-Q4QAI011" failures="0" tests="1" name="TestLayerPackage.LoginTest" time="1.636" errors="0" timestamp="2024-01-16T13:45:10 IST" skipped="0">
  <testcase classname="TestLayerPackage.LoginTest" name="validateLoginPageFunctionality" time="1.636"/>
  <system-out/>
</testsuite> <!-- TestLayerPackage.LoginTest -->
